@!@!@STARTMSG 2262:0 @!@!@
TLC2 Version 2.16 of 31 December 2020 (rev: cdddf55)
@!@!@ENDMSG 2262 @!@!@
@!@!@STARTMSG 2187:0 @!@!@
Running breadth-first search Model-Checking with fp 96 and seed -4990126139584103986 with 8 workers on 8 cores with 1198MB heap and 2693MB offheap memory [pid: 15080] (Windows 10 10.0 amd64, AdoptOpenJDK 14.0.1 x86_64, OffHeapDiskFPSet, DiskStateQueue).
@!@!@ENDMSG 2187 @!@!@
@!@!@STARTMSG 2220:0 @!@!@
Starting SANY...
@!@!@ENDMSG 2220 @!@!@
Parsing file C:\Users\midm0422\Desktop\TIFL\specs_for_tifl\specs_011023\specs\Main.toolbox\Model_1\MC.tla
Parsing file C:\Users\midm0422\Desktop\TIFL\specs_for_tifl\specs_011023\specs\Main.toolbox\Model_1\Main.tla
Parsing file C:\Users\midm0422\Desktop\TIFL\toolbox\plugins\org.lamport.tlatools_1.0.0.202012311918\tla2sany\StandardModules\TLC.tla
Parsing file C:\Users\midm0422\Desktop\TIFL\specs_for_tifl\specs_011023\specs\Main.toolbox\Model_1\RuntimeFS.tla
Parsing file C:\Users\midm0422\Desktop\TIFL\toolbox\plugins\org.lamport.tlatools_1.0.0.202012311918\tla2sany\StandardModules\Sequences.tla
Parsing file C:\Users\midm0422\Desktop\TIFL\specs_for_tifl\specs_011023\specs\Main.toolbox\Model_1\ParametersFS.tla
Parsing file C:\Users\midm0422\Desktop\TIFL\toolbox\plugins\org.lamport.tlatools_1.0.0.202012311918\tla2sany\StandardModules\Naturals.tla
Parsing file C:\Users\midm0422\Desktop\TIFL\specs_for_tifl\specs_011023\specs\Main.toolbox\Model_1\Paralocks.tla
Parsing file C:\Users\midm0422\Desktop\TIFL\toolbox\plugins\org.lamport.tlatools_1.0.0.202012311918\tla2sany\StandardModules\FiniteSets.tla
Parsing file C:\Users\midm0422\Desktop\TIFL\specs_for_tifl\specs_011023\specs\Main.toolbox\Model_1\Apalache.tla
Semantic processing of module Naturals
Semantic processing of module Sequences
Semantic processing of module FiniteSets
Semantic processing of module TLC
Semantic processing of module Apalache
Semantic processing of module Paralocks
Semantic processing of module ParametersFS
Semantic processing of module RuntimeFS
Semantic processing of module Main
Semantic processing of module MC
@!@!@STARTMSG 2219:0 @!@!@
SANY finished.
@!@!@ENDMSG 2219 @!@!@
@!@!@STARTMSG 2185:0 @!@!@
Starting... (2024-12-04 19:53:09)
@!@!@ENDMSG 2185 @!@!@
@!@!@STARTMSG 2189:0 @!@!@
Computing initial states...
@!@!@ENDMSG 2189 @!@!@
@!@!@STARTMSG 2269:0 @!@!@
Computed 2 initial states...
@!@!@ENDMSG 2269 @!@!@
@!@!@STARTMSG 2269:0 @!@!@
Computed 4 initial states...
@!@!@ENDMSG 2269 @!@!@
@!@!@STARTMSG 2269:0 @!@!@
Computed 8 initial states...
@!@!@ENDMSG 2269 @!@!@
@!@!@STARTMSG 2269:0 @!@!@
Computed 16 initial states...
@!@!@ENDMSG 2269 @!@!@
@!@!@STARTMSG 2269:0 @!@!@
Computed 32 initial states...
@!@!@ENDMSG 2269 @!@!@
@!@!@STARTMSG 2190:0 @!@!@
Finished computing initial states: 49 distinct states generated at 2024-12-04 19:53:10.
@!@!@ENDMSG 2190 @!@!@
@!@!@STARTMSG 2112:1 @!@!@
Action property CompInv is violated.
@!@!@ENDMSG 2112 @!@!@
@!@!@STARTMSG 2121:1 @!@!@
The behavior up to this point is:
@!@!@ENDMSG 2121 @!@!@
@!@!@STARTMSG 2217:4 @!@!@
1: <Initial predicate>
/\ Sessions = (alex :> [SessionM |-> <<>>, PCLabel |-> <<{<<x, <<[t_expire |-> {NONE}], [guest |-> {NONE}, reviewer |-> {NONE}, manager |-> {NONE}, organizer |-> {NONE}]>>>>}>>, Ret |-> <<>>, StateRegs |-> <<[fp |-> 1, pc |-> <<"f_get_section_program", "lbl_2">>]>>] @@ bob :> [SessionM |-> <<>>, PCLabel |-> <<{<<x, <<[t_expire |-> {NONE}], [guest |-> {NONE}, reviewer |-> {NONE}, manager |-> {NONE}, organizer |-> {NONE}]>>>>}>>, Ret |-> <<>>, StateRegs |-> <<[fp |-> 1, pc |-> <<"p_add_paper", "lbl_2">>]>>])
/\ XLocks = Undef
/\ VPol = [conferences_name |-> [policy |-> {<<x, <<[t_expire |-> {NONE}], [guest |-> {NONE}, reviewer |-> {NONE}, manager |-> {NONE}, organizer |-> {NONE}]>>>>}, name |-> "conferences_name", ext |-> 0], sections_section_id |-> [policy |-> {<<x, <<[t_expire |-> {NONE}], [guest |-> {NONE}, reviewer |-> {NONE}, manager |-> {NONE}, organizer |-> {NONE}]>>>>}, name |-> "sections_section_id", ext |-> 0], submissions_conference_id |-> [policy |-> {<<x, <<[t_expire |-> {NONE}], [guest |-> {NONE}, reviewer |-> {NONE}, manager |-> {NONE}, organizer |-> {NONE}]>>>>}, name |-> "submissions_conference_id", ext |-> 0], conferences_start_date |-> [policy |-> {<<x, <<[t_expire |-> {NONE}], [guest |-> {NONE}, reviewer |-> {NONE}, manager |-> {NONE}, organizer |-> {NONE}]>>>>}, name |-> "conferences_start_date", ext |-> 0], papers_paper_id |-> [policy |-> {<<x, <<[t_expire |-> {NONE}], [guest |-> {NONE}, reviewer |-> {NONE}, manager |-> {NONE}, organizer |-> {NONE}]>>>>}, name |-> "papers_paper_id", ext |-> 0], submissions_status |-> [policy |-> {<<x, <<[t_expire |-> {}], [guest |-> {NONE}, reviewer |-> {NONE}, manager |-> {NONE}, organizer |-> {NONE}]>>>>, <<x, <<[t_expire |-> {NONE}], [guest |-> {NONE}, reviewer |-> {NONE}, manager |-> {x}, organizer |-> {NONE}]>>>>}, name |-> "submissions_status", ext |-> 0], conferences_description |-> [policy |-> {<<x, <<[t_expire |-> {NONE}], [guest |-> {NONE}, reviewer |-> {NONE}, manager |-> {NONE}, organizer |-> {NONE}]>>>>}, name |-> "conferences_description", ext |-> 0], submissions_submission_id |-> [policy |-> {<<x, <<[t_expire |-> {NONE}], [guest |-> {NONE}, reviewer |-> {NONE}, manager |-> {NONE}, organizer |-> {NONE}]>>>>}, name |-> "submissions_submission_id", ext |-> 0], papers_abstract |-> [policy |-> {<<x, <<[t_expire |-> {NONE}], [guest |-> {NONE}, reviewer |-> {NONE}, manager |-> {NONE}, organizer |-> {NONE}]>>>>}, name |-> "papers_abstract", ext |-> 0], allocations_allocation_date |-> [policy |-> {<<x, <<[t_expire |-> {NONE}], [guest |-> {NONE}, reviewer |-> {NONE}, manager |-> {NONE}, organizer |-> {NONE}]>>>>}, name |-> "allocations_allocation_date", ext |-> 0], submissions_paper_id |-> [policy |-> {<<x, <<[t_expire |-> {NONE}], [guest |-> {NONE}, reviewer |-> {NONE}, manager |-> {NONE}, organizer |-> {NONE}]>>>>}, name |-> "submissions_paper_id", ext |-> 0], allocations_submission_id |-> [policy |-> {<<x, <<[t_expire |-> {NONE}], [guest |-> {NONE}, reviewer |-> {NONE}, manager |-> {NONE}, organizer |-> {NONE}]>>>>}, name |-> "allocations_submission_id", ext |-> 0], sections_title |-> [policy |-> {<<x, <<[t_expire |-> {NONE}], [guest |-> {NONE}, reviewer |-> {NONE}, manager |-> {NONE}, organizer |-> {NONE}]>>>>}, name |-> "sections_title", ext |-> 0], allocations_paper_id |-> [policy |-> {<<x, <<[t_expire |-> {NONE}], [guest |-> {NONE}, reviewer |-> {NONE}, manager |-> {NONE}, organizer |-> {NONE}]>>>>}, name |-> "allocations_paper_id", ext |-> 0], papers_text |-> [policy |-> {<<x, <<[t_expire |-> {NONE}], [guest |-> {NONE}, reviewer |-> {NONE}, manager |-> {NONE}, organizer |-> {NONE}]>>>>}, name |-> "papers_text", ext |-> 0], allocations_section_id |-> [policy |-> {<<x, <<[t_expire |-> {NONE}], [guest |-> {NONE}, reviewer |-> {NONE}, manager |-> {NONE}, organizer |-> {NONE}]>>>>}, name |-> "allocations_section_id", ext |-> 0], logs_err_info |-> [policy |-> {<<x, <<[t_expire |-> {NONE}], [guest |-> {NONE}, reviewer |-> {NONE}, manager |-> {NONE}, organizer |-> {NONE}]>>>>}, name |-> "logs_err_info", ext |-> 0], submissions_submission_date |-> [policy |-> {<<x, <<[t_expire |-> {NONE}], [guest |-> {NONE}, reviewer |-> {NONE}, manager |-> {NONE}, organizer |-> {NONE}]>>>>}, name |-> "submissions_submission_date", ext |-> 0], papers_title |-> [policy |-> {<<x, <<[t_expire |-> {NONE}], [guest |-> {NONE}, reviewer |-> {NONE}, manager |-> {NONE}, organizer |-> {NONE}]>>>>}, name |-> "papers_title", ext |-> 0], sections_conference_id |-> [policy |-> {<<x, <<[t_expire |-> {NONE}], [guest |-> {NONE}, reviewer |-> {NONE}, manager |-> {NONE}, organizer |-> {NONE}]>>>>}, name |-> "sections_conference_id", ext |-> 0], papers_authors |-> [policy |-> {<<x, <<[t_expire |-> {NONE}], [guest |-> {NONE}, reviewer |-> {NONE}, manager |-> {NONE}, organizer |-> {NONE}]>>>>}, name |-> "papers_authors", ext |-> 0], sections_start_date |-> [policy |-> {<<x, <<[t_expire |-> {NONE}], [guest |-> {NONE}, reviewer |-> {NONE}, manager |-> {NONE}, organizer |-> {NONE}]>>>>}, name |-> "sections_start_date", ext |-> 0], sections_place |-> [policy |-> {<<x, <<[t_expire |-> {NONE}], [guest |-> {NONE}, reviewer |-> {NONE}, manager |-> {NONE}, organizer |-> {NONE}]>>>>}, name |-> "sections_place", ext |-> 0], sections_end_date |-> [policy |-> {<<x, <<[t_expire |-> {NONE}], [guest |-> {NONE}, reviewer |-> {NONE}, manager |-> {NONE}, organizer |-> {NONE}]>>>>}, name |-> "sections_end_date", ext |-> 0], logs_event_id |-> [policy |-> {<<x, <<[t_expire |-> {NONE}], [guest |-> {NONE}, reviewer |-> {NONE}, manager |-> {NONE}, organizer |-> {NONE}]>>>>}, name |-> "logs_event_id", ext |-> 0], allocations_allocation_id |-> [policy |-> {<<x, <<[t_expire |-> {NONE}], [guest |-> {NONE}, reviewer |-> {NONE}, manager |-> {NONE}, organizer |-> {NONE}]>>>>}, name |-> "allocations_allocation_id", ext |-> 0], conferences_conference_id |-> [policy |-> {<<x, <<[t_expire |-> {NONE}], [guest |-> {NONE}, reviewer |-> {NONE}, manager |-> {NONE}, organizer |-> {NONE}]>>>>}, name |-> "conferences_conference_id", ext |-> 0], conferences_end_date |-> [policy |-> {<<x, <<[t_expire |-> {NONE}], [guest |-> {NONE}, reviewer |-> {NONE}, manager |-> {NONE}, organizer |-> {NONE}]>>>>}, name |-> "conferences_end_date", ext |-> 0]]
/\ SLocks = (alex :> [t_expire |-> {}, guest |-> {}, reviewer |-> {}, manager |-> {}, organizer |-> {}] @@ bob :> [t_expire |-> {}, guest |-> {}, reviewer |-> {}, manager |-> {}, organizer |-> {}])
/\ Ignore = 0
/\ Trace = <<>>
/\ New2Old = <<<<{}>>, <<{<<x, <<[t_expire |-> {NONE}], [guest |-> {NONE}, reviewer |-> {NONE}, manager |-> {NONE}, organizer |-> {NONE}]>>>>}>>>>
/\ StateE = [t_expire |-> {}, guest |-> {}, reviewer |-> {}, manager |-> {}, organizer |-> {}]

@!@!@ENDMSG 2217 @!@!@
@!@!@STARTMSG 2217:4 @!@!@
2: <Next line 1426, col 13 to line 1429, col 54 of module Main>
/\ Sessions = (alex :> [SessionM |-> <<>>, PCLabel |-> <<{<<x, <<[t_expire |-> {NONE}], [guest |-> {NONE}, reviewer |-> {NONE}, manager |-> {NONE}, organizer |-> {NONE}]>>>>}>>, Ret |-> <<>>, StateRegs |-> <<[fp |-> 1, pc |-> <<"f_get_section_program", "lbl_2">>]>>] @@ bob :> [SessionM |-> <<{<<x, <<[t_expire |-> {NONE}], [guest |-> {NONE}, reviewer |-> {NONE}, manager |-> {NONE}, organizer |-> {NONE}]>>>>}, {<<x, <<[t_expire |-> {NONE}], [guest |-> {NONE}, reviewer |-> {NONE}, manager |-> {NONE}, organizer |-> {NONE}]>>>>}, {<<x, <<[t_expire |-> {NONE}], [guest |-> {NONE}, reviewer |-> {NONE}, manager |-> {NONE}, organizer |-> {NONE}]>>>>}, {<<x, <<[t_expire |-> {NONE}], [guest |-> {NONE}, reviewer |-> {NONE}, manager |-> {NONE}, organizer |-> {NONE}]>>>>}, {<<x, <<[t_expire |-> {}], [guest |-> {NONE}, reviewer |-> {NONE}, manager |-> {NONE}, organizer |-> {NONE}]>>>>}>>, PCLabel |-> <<{<<x, <<[t_expire |-> {NONE}], [guest |-> {NONE}, reviewer |-> {NONE}, manager |-> {NONE}, organizer |-> {NONE}]>>>>}>>, Ret |-> <<>>, StateRegs |-> <<[fp |-> 1, pc |-> <<"p_add_paper", "lbl_2">>]>>])
/\ XLocks = bob
/\ VPol = [conferences_name |-> [policy |-> {<<x, <<[t_expire |-> {NONE}], [guest |-> {NONE}, reviewer |-> {NONE}, manager |-> {NONE}, organizer |-> {NONE}]>>>>}, name |-> "conferences_name", ext |-> 0], sections_section_id |-> [policy |-> {<<x, <<[t_expire |-> {NONE}], [guest |-> {NONE}, reviewer |-> {NONE}, manager |-> {NONE}, organizer |-> {NONE}]>>>>}, name |-> "sections_section_id", ext |-> 0], submissions_conference_id |-> [policy |-> {<<x, <<[t_expire |-> {NONE}], [guest |-> {NONE}, reviewer |-> {NONE}, manager |-> {NONE}, organizer |-> {NONE}]>>>>}, name |-> "submissions_conference_id", ext |-> 0], conferences_start_date |-> [policy |-> {<<x, <<[t_expire |-> {NONE}], [guest |-> {NONE}, reviewer |-> {NONE}, manager |-> {NONE}, organizer |-> {NONE}]>>>>}, name |-> "conferences_start_date", ext |-> 0], papers_paper_id |-> [policy |-> {<<x, <<[t_expire |-> {NONE}], [guest |-> {NONE}, reviewer |-> {NONE}, manager |-> {NONE}, organizer |-> {NONE}]>>>>}, name |-> "papers_paper_id", ext |-> 0], submissions_status |-> [policy |-> {<<x, <<[t_expire |-> {}], [guest |-> {NONE}, reviewer |-> {NONE}, manager |-> {NONE}, organizer |-> {NONE}]>>>>, <<x, <<[t_expire |-> {NONE}], [guest |-> {NONE}, reviewer |-> {NONE}, manager |-> {x}, organizer |-> {NONE}]>>>>}, name |-> "submissions_status", ext |-> 0], conferences_description |-> [policy |-> {<<x, <<[t_expire |-> {NONE}], [guest |-> {NONE}, reviewer |-> {NONE}, manager |-> {NONE}, organizer |-> {NONE}]>>>>}, name |-> "conferences_description", ext |-> 0], submissions_submission_id |-> [policy |-> {<<x, <<[t_expire |-> {NONE}], [guest |-> {NONE}, reviewer |-> {NONE}, manager |-> {NONE}, organizer |-> {NONE}]>>>>}, name |-> "submissions_submission_id", ext |-> 0], papers_abstract |-> [policy |-> {<<x, <<[t_expire |-> {NONE}], [guest |-> {NONE}, reviewer |-> {NONE}, manager |-> {NONE}, organizer |-> {NONE}]>>>>}, name |-> "papers_abstract", ext |-> 0], allocations_allocation_date |-> [policy |-> {<<x, <<[t_expire |-> {NONE}], [guest |-> {NONE}, reviewer |-> {NONE}, manager |-> {NONE}, organizer |-> {NONE}]>>>>}, name |-> "allocations_allocation_date", ext |-> 0], submissions_paper_id |-> [policy |-> {<<x, <<[t_expire |-> {NONE}], [guest |-> {NONE}, reviewer |-> {NONE}, manager |-> {NONE}, organizer |-> {NONE}]>>>>}, name |-> "submissions_paper_id", ext |-> 0], allocations_submission_id |-> [policy |-> {<<x, <<[t_expire |-> {NONE}], [guest |-> {NONE}, reviewer |-> {NONE}, manager |-> {NONE}, organizer |-> {NONE}]>>>>}, name |-> "allocations_submission_id", ext |-> 0], sections_title |-> [policy |-> {<<x, <<[t_expire |-> {NONE}], [guest |-> {NONE}, reviewer |-> {NONE}, manager |-> {NONE}, organizer |-> {NONE}]>>>>}, name |-> "sections_title", ext |-> 0], allocations_paper_id |-> [policy |-> {<<x, <<[t_expire |-> {NONE}], [guest |-> {NONE}, reviewer |-> {NONE}, manager |-> {NONE}, organizer |-> {NONE}]>>>>}, name |-> "allocations_paper_id", ext |-> 0], papers_text |-> [policy |-> {<<x, <<[t_expire |-> {NONE}], [guest |-> {NONE}, reviewer |-> {NONE}, manager |-> {NONE}, organizer |-> {NONE}]>>>>}, name |-> "papers_text", ext |-> 0], allocations_section_id |-> [policy |-> {<<x, <<[t_expire |-> {NONE}], [guest |-> {NONE}, reviewer |-> {NONE}, manager |-> {NONE}, organizer |-> {NONE}]>>>>}, name |-> "allocations_section_id", ext |-> 0], logs_err_info |-> [policy |-> {<<x, <<[t_expire |-> {NONE}], [guest |-> {NONE}, reviewer |-> {NONE}, manager |-> {NONE}, organizer |-> {NONE}]>>>>}, name |-> "logs_err_info", ext |-> 0], submissions_submission_date |-> [policy |-> {<<x, <<[t_expire |-> {NONE}], [guest |-> {NONE}, reviewer |-> {NONE}, manager |-> {NONE}, organizer |-> {NONE}]>>>>}, name |-> "submissions_submission_date", ext |-> 0], papers_title |-> [policy |-> {<<x, <<[t_expire |-> {NONE}], [guest |-> {NONE}, reviewer |-> {NONE}, manager |-> {NONE}, organizer |-> {NONE}]>>>>}, name |-> "papers_title", ext |-> 0], sections_conference_id |-> [policy |-> {<<x, <<[t_expire |-> {NONE}], [guest |-> {NONE}, reviewer |-> {NONE}, manager |-> {NONE}, organizer |-> {NONE}]>>>>}, name |-> "sections_conference_id", ext |-> 0], papers_authors |-> [policy |-> {<<x, <<[t_expire |-> {NONE}], [guest |-> {NONE}, reviewer |-> {NONE}, manager |-> {NONE}, organizer |-> {NONE}]>>>>}, name |-> "papers_authors", ext |-> 0], sections_start_date |-> [policy |-> {<<x, <<[t_expire |-> {NONE}], [guest |-> {NONE}, reviewer |-> {NONE}, manager |-> {NONE}, organizer |-> {NONE}]>>>>}, name |-> "sections_start_date", ext |-> 0], sections_place |-> [policy |-> {<<x, <<[t_expire |-> {NONE}], [guest |-> {NONE}, reviewer |-> {NONE}, manager |-> {NONE}, organizer |-> {NONE}]>>>>}, name |-> "sections_place", ext |-> 0], sections_end_date |-> [policy |-> {<<x, <<[t_expire |-> {NONE}], [guest |-> {NONE}, reviewer |-> {NONE}, manager |-> {NONE}, organizer |-> {NONE}]>>>>}, name |-> "sections_end_date", ext |-> 0], logs_event_id |-> [policy |-> {<<x, <<[t_expire |-> {NONE}], [guest |-> {NONE}, reviewer |-> {NONE}, manager |-> {NONE}, organizer |-> {NONE}]>>>>}, name |-> "logs_event_id", ext |-> 0], allocations_allocation_id |-> [policy |-> {<<x, <<[t_expire |-> {NONE}], [guest |-> {NONE}, reviewer |-> {NONE}, manager |-> {NONE}, organizer |-> {NONE}]>>>>}, name |-> "allocations_allocation_id", ext |-> 0], conferences_conference_id |-> [policy |-> {<<x, <<[t_expire |-> {NONE}], [guest |-> {NONE}, reviewer |-> {NONE}, manager |-> {NONE}, organizer |-> {NONE}]>>>>}, name |-> "conferences_conference_id", ext |-> 0], conferences_end_date |-> [policy |-> {<<x, <<[t_expire |-> {NONE}], [guest |-> {NONE}, reviewer |-> {NONE}, manager |-> {NONE}, organizer |-> {NONE}]>>>>}, name |-> "conferences_end_date", ext |-> 0]]
/\ SLocks = (alex :> [t_expire |-> {}, guest |-> {}, reviewer |-> {}, manager |-> {}, organizer |-> {}] @@ bob :> [t_expire |-> {}, guest |-> {}, reviewer |-> {}, manager |-> {}, organizer |-> {}])
/\ Ignore = 1
/\ Trace = <<bob, "p_add_paper_load", [from |-> <<<<[policy |-> {<<x, <<[t_expire |-> {NONE}], [guest |-> {NONE}, reviewer |-> {NONE}, manager |-> {NONE}, organizer |-> {NONE}]>>>>}, name |-> "c4"]>>, <<[policy |-> {<<x, <<[t_expire |-> {NONE}], [guest |-> {NONE}, reviewer |-> {NONE}, manager |-> {NONE}, organizer |-> {NONE}]>>>>}, name |-> "c5"]>>, <<[policy |-> {<<x, <<[t_expire |-> {NONE}], [guest |-> {NONE}, reviewer |-> {NONE}, manager |-> {NONE}, organizer |-> {NONE}]>>>>}, name |-> "c6"]>>, <<[policy |-> {<<x, <<[t_expire |-> {NONE}], [guest |-> {NONE}, reviewer |-> {NONE}, manager |-> {NONE}, organizer |-> {NONE}]>>>>}, name |-> "c7"]>>, <<[policy |-> {<<x, <<[t_expire |-> {NONE}], [guest |-> {NONE}, reviewer |-> {NONE}, manager |-> {NONE}, organizer |-> {NONE}]>>>>}, name |-> "c8"]>>>>, to |-> <<<<[policy |-> {<<bob, <<[t_expire |-> {NONE}], [guest |-> {NONE}, reviewer |-> {NONE}, manager |-> {NONE}, organizer |-> {NONE}]>>>>}, name |-> "p_add_paper_p_p_id", offs |-> 0, loc |-> "mem"]>>, <<[policy |-> {<<bob, <<[t_expire |-> {NONE}], [guest |-> {NONE}, reviewer |-> {NONE}, manager |-> {NONE}, organizer |-> {NONE}]>>>>}, name |-> "p_add_paper_p_tit", offs |-> 1, loc |-> "mem"]>>, <<[policy |-> {<<bob, <<[t_expire |-> {NONE}], [guest |-> {NONE}, reviewer |-> {NONE}, manager |-> {NONE}, organizer |-> {NONE}]>>>>}, name |-> "p_add_paper_p_absr", offs |-> 2, loc |-> "mem"]>>, <<[policy |-> {<<bob, <<[t_expire |-> {NONE}], [guest |-> {NONE}, reviewer |-> {NONE}, manager |-> {NONE}, organizer |-> {NONE}]>>>>}, name |-> "p_add_paper_p_t", offs |-> 3, loc |-> "mem"]>>, <<[policy |-> {<<bob, <<[t_expire |-> {NONE}], [guest |-> {NONE}, reviewer |-> {NONE}, manager |-> {NONE}, organizer |-> {NONE}]>>>>}, name |-> "p_add_paper_p_auth", offs |-> 4, loc |-> "mem"]>>>>]>>
/\ New2Old = <<<<{<<bob, <<[t_expire |-> {NONE}], [guest |-> {NONE}, reviewer |-> {NONE}, manager |-> {NONE}, organizer |-> {NONE}]>>>>}, {<<bob, <<[t_expire |-> {NONE}], [guest |-> {NONE}, reviewer |-> {NONE}, manager |-> {NONE}, organizer |-> {NONE}]>>>>}, {<<bob, <<[t_expire |-> {NONE}], [guest |-> {NONE}, reviewer |-> {NONE}, manager |-> {NONE}, organizer |-> {NONE}]>>>>}, {<<bob, <<[t_expire |-> {NONE}], [guest |-> {NONE}, reviewer |-> {NONE}, manager |-> {NONE}, organizer |-> {NONE}]>>>>}, {<<bob, <<[t_expire |-> {NONE}], [guest |-> {NONE}, reviewer |-> {NONE}, manager |-> {NONE}, organizer |-> {NONE}]>>>>}>>, <<{<<x, <<[t_expire |-> {NONE}], [guest |-> {NONE}, reviewer |-> {NONE}, manager |-> {NONE}, organizer |-> {NONE}]>>>>}, {<<x, <<[t_expire |-> {NONE}], [guest |-> {NONE}, reviewer |-> {NONE}, manager |-> {NONE}, organizer |-> {NONE}]>>>>}, {<<x, <<[t_expire |-> {NONE}], [guest |-> {NONE}, reviewer |-> {NONE}, manager |-> {NONE}, organizer |-> {NONE}]>>>>}, {<<x, <<[t_expire |-> {NONE}], [guest |-> {NONE}, reviewer |-> {NONE}, manager |-> {NONE}, organizer |-> {NONE}]>>>>}, {<<x, <<[t_expire |-> {}], [guest |-> {NONE}, reviewer |-> {NONE}, manager |-> {NONE}, organizer |-> {NONE}]>>>>}>>>>
/\ StateE = [t_expire |-> {}, guest |-> {}, reviewer |-> {}, manager |-> {}, organizer |-> {}]

@!@!@ENDMSG 2217 @!@!@
@!@!@STARTMSG 2217:4 @!@!@
3: <Next line 1431, col 13 to line 1432, col 51 of module Main>
/\ Sessions = (alex :> [SessionM |-> <<>>, PCLabel |-> <<{<<x, <<[t_expire |-> {NONE}], [guest |-> {NONE}, reviewer |-> {NONE}, manager |-> {NONE}, organizer |-> {NONE}]>>>>}>>, Ret |-> <<>>, StateRegs |-> <<[fp |-> 1, pc |-> <<"f_get_section_program", "lbl_2">>]>>] @@ bob :> [SessionM |-> <<{<<x, <<[t_expire |-> {NONE}], [guest |-> {NONE}, reviewer |-> {NONE}, manager |-> {NONE}, organizer |-> {NONE}]>>>>}, {<<x, <<[t_expire |-> {NONE}], [guest |-> {NONE}, reviewer |-> {NONE}, manager |-> {NONE}, organizer |-> {NONE}]>>>>}, {<<x, <<[t_expire |-> {NONE}], [guest |-> {NONE}, reviewer |-> {NONE}, manager |-> {NONE}, organizer |-> {NONE}]>>>>}, {<<x, <<[t_expire |-> {NONE}], [guest |-> {NONE}, reviewer |-> {NONE}, manager |-> {NONE}, organizer |-> {NONE}]>>>>}, {<<x, <<[t_expire |-> {}], [guest |-> {NONE}, reviewer |-> {NONE}, manager |-> {NONE}, organizer |-> {NONE}]>>>>}>>, PCLabel |-> <<{<<x, <<[t_expire |-> {NONE}], [guest |-> {NONE}, reviewer |-> {NONE}, manager |-> {NONE}, organizer |-> {NONE}]>>>>}>>, Ret |-> <<>>, StateRegs |-> <<[fp |-> 1, pc |-> <<"p_add_paper", "exit">>]>>])
/\ XLocks = bob
/\ VPol = [conferences_name |-> [policy |-> {<<x, <<[t_expire |-> {NONE}], [guest |-> {NONE}, reviewer |-> {NONE}, manager |-> {NONE}, organizer |-> {NONE}]>>>>}, name |-> "conferences_name", ext |-> 0], sections_section_id |-> [policy |-> {<<x, <<[t_expire |-> {NONE}], [guest |-> {NONE}, reviewer |-> {NONE}, manager |-> {NONE}, organizer |-> {NONE}]>>>>}, name |-> "sections_section_id", ext |-> 0], submissions_conference_id |-> [policy |-> {<<x, <<[t_expire |-> {NONE}], [guest |-> {NONE}, reviewer |-> {NONE}, manager |-> {NONE}, organizer |-> {NONE}]>>>>}, name |-> "submissions_conference_id", ext |-> 0], conferences_start_date |-> [policy |-> {<<x, <<[t_expire |-> {NONE}], [guest |-> {NONE}, reviewer |-> {NONE}, manager |-> {NONE}, organizer |-> {NONE}]>>>>}, name |-> "conferences_start_date", ext |-> 0], papers_paper_id |-> [policy |-> {<<x, <<[t_expire |-> {NONE}], [guest |-> {NONE}, reviewer |-> {NONE}, manager |-> {NONE}, organizer |-> {NONE}]>>>>}, name |-> "papers_paper_id", ext |-> 0], submissions_status |-> [policy |-> {<<x, <<[t_expire |-> {}], [guest |-> {NONE}, reviewer |-> {NONE}, manager |-> {NONE}, organizer |-> {NONE}]>>>>, <<x, <<[t_expire |-> {NONE}], [guest |-> {NONE}, reviewer |-> {NONE}, manager |-> {x}, organizer |-> {NONE}]>>>>}, name |-> "submissions_status", ext |-> 0], conferences_description |-> [policy |-> {<<x, <<[t_expire |-> {NONE}], [guest |-> {NONE}, reviewer |-> {NONE}, manager |-> {NONE}, organizer |-> {NONE}]>>>>}, name |-> "conferences_description", ext |-> 0], submissions_submission_id |-> [policy |-> {<<x, <<[t_expire |-> {NONE}], [guest |-> {NONE}, reviewer |-> {NONE}, manager |-> {NONE}, organizer |-> {NONE}]>>>>}, name |-> "submissions_submission_id", ext |-> 0], papers_abstract |-> [policy |-> {<<x, <<[t_expire |-> {NONE}], [guest |-> {NONE}, reviewer |-> {NONE}, manager |-> {NONE}, organizer |-> {NONE}]>>>>}, name |-> "papers_abstract", ext |-> 0], allocations_allocation_date |-> [policy |-> {<<x, <<[t_expire |-> {NONE}], [guest |-> {NONE}, reviewer |-> {NONE}, manager |-> {NONE}, organizer |-> {NONE}]>>>>}, name |-> "allocations_allocation_date", ext |-> 0], submissions_paper_id |-> [policy |-> {<<x, <<[t_expire |-> {NONE}], [guest |-> {NONE}, reviewer |-> {NONE}, manager |-> {NONE}, organizer |-> {NONE}]>>>>}, name |-> "submissions_paper_id", ext |-> 0], allocations_submission_id |-> [policy |-> {<<x, <<[t_expire |-> {NONE}], [guest |-> {NONE}, reviewer |-> {NONE}, manager |-> {NONE}, organizer |-> {NONE}]>>>>}, name |-> "allocations_submission_id", ext |-> 0], sections_title |-> [policy |-> {<<x, <<[t_expire |-> {NONE}], [guest |-> {NONE}, reviewer |-> {NONE}, manager |-> {NONE}, organizer |-> {NONE}]>>>>}, name |-> "sections_title", ext |-> 0], allocations_paper_id |-> [policy |-> {<<x, <<[t_expire |-> {NONE}], [guest |-> {NONE}, reviewer |-> {NONE}, manager |-> {NONE}, organizer |-> {NONE}]>>>>}, name |-> "allocations_paper_id", ext |-> 0], papers_text |-> [policy |-> {<<x, <<[t_expire |-> {NONE}], [guest |-> {NONE}, reviewer |-> {NONE}, manager |-> {NONE}, organizer |-> {NONE}]>>>>}, name |-> "papers_text", ext |-> 0], allocations_section_id |-> [policy |-> {<<x, <<[t_expire |-> {NONE}], [guest |-> {NONE}, reviewer |-> {NONE}, manager |-> {NONE}, organizer |-> {NONE}]>>>>}, name |-> "allocations_section_id", ext |-> 0], logs_err_info |-> [policy |-> {<<x, <<[t_expire |-> {NONE}], [guest |-> {NONE}, reviewer |-> {NONE}, manager |-> {NONE}, organizer |-> {NONE}]>>>>}, name |-> "logs_err_info", ext |-> 0], submissions_submission_date |-> [policy |-> {<<x, <<[t_expire |-> {NONE}], [guest |-> {NONE}, reviewer |-> {NONE}, manager |-> {NONE}, organizer |-> {NONE}]>>>>}, name |-> "submissions_submission_date", ext |-> 0], papers_title |-> [policy |-> {<<x, <<[t_expire |-> {NONE}], [guest |-> {NONE}, reviewer |-> {NONE}, manager |-> {NONE}, organizer |-> {NONE}]>>>>}, name |-> "papers_title", ext |-> 0], sections_conference_id |-> [policy |-> {<<x, <<[t_expire |-> {NONE}], [guest |-> {NONE}, reviewer |-> {NONE}, manager |-> {NONE}, organizer |-> {NONE}]>>>>}, name |-> "sections_conference_id", ext |-> 0], papers_authors |-> [policy |-> {<<x, <<[t_expire |-> {}], [guest |-> {NONE}, reviewer |-> {NONE}, manager |-> {NONE}, organizer |-> {NONE}]>>>>}, name |-> "papers_authors", ext |-> 0], sections_start_date |-> [policy |-> {<<x, <<[t_expire |-> {NONE}], [guest |-> {NONE}, reviewer |-> {NONE}, manager |-> {NONE}, organizer |-> {NONE}]>>>>}, name |-> "sections_start_date", ext |-> 0], sections_place |-> [policy |-> {<<x, <<[t_expire |-> {NONE}], [guest |-> {NONE}, reviewer |-> {NONE}, manager |-> {NONE}, organizer |-> {NONE}]>>>>}, name |-> "sections_place", ext |-> 0], sections_end_date |-> [policy |-> {<<x, <<[t_expire |-> {NONE}], [guest |-> {NONE}, reviewer |-> {NONE}, manager |-> {NONE}, organizer |-> {NONE}]>>>>}, name |-> "sections_end_date", ext |-> 0], logs_event_id |-> [policy |-> {<<x, <<[t_expire |-> {NONE}], [guest |-> {NONE}, reviewer |-> {NONE}, manager |-> {NONE}, organizer |-> {NONE}]>>>>}, name |-> "logs_event_id", ext |-> 0], allocations_allocation_id |-> [policy |-> {<<x, <<[t_expire |-> {NONE}], [guest |-> {NONE}, reviewer |-> {NONE}, manager |-> {NONE}, organizer |-> {NONE}]>>>>}, name |-> "allocations_allocation_id", ext |-> 0], conferences_conference_id |-> [policy |-> {<<x, <<[t_expire |-> {NONE}], [guest |-> {NONE}, reviewer |-> {NONE}, manager |-> {NONE}, organizer |-> {NONE}]>>>>}, name |-> "conferences_conference_id", ext |-> 0], conferences_end_date |-> [policy |-> {<<x, <<[t_expire |-> {NONE}], [guest |-> {NONE}, reviewer |-> {NONE}, manager |-> {NONE}, organizer |-> {NONE}]>>>>}, name |-> "conferences_end_date", ext |-> 0]]
/\ SLocks = (alex :> [t_expire |-> {}, guest |-> {}, reviewer |-> {}, manager |-> {}, organizer |-> {}] @@ bob :> [t_expire |-> {}, guest |-> {}, reviewer |-> {}, manager |-> {}, organizer |-> {}])
/\ Ignore = 0
/\ Trace = <<bob, "p_add_paper2", [from |-> <<<<[policy |-> {<<x, <<[t_expire |-> {NONE}], [guest |-> {NONE}, reviewer |-> {NONE}, manager |-> {NONE}, organizer |-> {NONE}]>>>>}, name |-> "PCLabel"], [policy |-> {<<x, <<[t_expire |-> {NONE}], [guest |-> {NONE}, reviewer |-> {NONE}, manager |-> {NONE}, organizer |-> {NONE}]>>>>}, name |-> "p_add_paper_p_p_id"]>>, <<[policy |-> {<<x, <<[t_expire |-> {NONE}], [guest |-> {NONE}, reviewer |-> {NONE}, manager |-> {NONE}, organizer |-> {NONE}]>>>>}, name |-> "PCLabel"], [policy |-> {<<x, <<[t_expire |-> {NONE}], [guest |-> {NONE}, reviewer |-> {NONE}, manager |-> {NONE}, organizer |-> {NONE}]>>>>}, name |-> "p_add_paper_p_tit"]>>, <<[policy |-> {<<x, <<[t_expire |-> {NONE}], [guest |-> {NONE}, reviewer |-> {NONE}, manager |-> {NONE}, organizer |-> {NONE}]>>>>}, name |-> "PCLabel"], [policy |-> {<<x, <<[t_expire |-> {NONE}], [guest |-> {NONE}, reviewer |-> {NONE}, manager |-> {NONE}, organizer |-> {NONE}]>>>>}, name |-> "p_add_paper_p_absr"]>>, <<[policy |-> {<<x, <<[t_expire |-> {NONE}], [guest |-> {NONE}, reviewer |-> {NONE}, manager |-> {NONE}, organizer |-> {NONE}]>>>>}, name |-> "PCLabel"], [policy |-> {<<x, <<[t_expire |-> {NONE}], [guest |-> {NONE}, reviewer |-> {NONE}, manager |-> {NONE}, organizer |-> {NONE}]>>>>}, name |-> "p_add_paper_p_t"]>>, <<[policy |-> {<<x, <<[t_expire |-> {NONE}], [guest |-> {NONE}, reviewer |-> {NONE}, manager |-> {NONE}, organizer |-> {NONE}]>>>>}, name |-> "PCLabel"], [policy |-> {<<x, <<[t_expire |-> {}], [guest |-> {NONE}, reviewer |-> {NONE}, manager |-> {NONE}, organizer |-> {NONE}]>>>>}, name |-> "p_add_paper_p_auth"]>>>>, to |-> <<[policy |-> {<<x, <<[t_expire |-> {NONE}], [guest |-> {NONE}, reviewer |-> {NONE}, manager |-> {NONE}, organizer |-> {NONE}]>>>>}, name |-> "papers_paper_id", ext |-> 0], [policy |-> {<<x, <<[t_expire |-> {NONE}], [guest |-> {NONE}, reviewer |-> {NONE}, manager |-> {NONE}, organizer |-> {NONE}]>>>>}, name |-> "papers_title", ext |-> 0], [policy |-> {<<x, <<[t_expire |-> {NONE}], [guest |-> {NONE}, reviewer |-> {NONE}, manager |-> {NONE}, organizer |-> {NONE}]>>>>}, name |-> "papers_abstract", ext |-> 0], [policy |-> {<<x, <<[t_expire |-> {NONE}], [guest |-> {NONE}, reviewer |-> {NONE}, manager |-> {NONE}, organizer |-> {NONE}]>>>>}, name |-> "papers_text", ext |-> 0], [policy |-> {<<x, <<[t_expire |-> {NONE}], [guest |-> {NONE}, reviewer |-> {NONE}, manager |-> {NONE}, organizer |-> {NONE}]>>>>}, name |-> "papers_authors", ext |-> 0]>>]>>
/\ New2Old = <<<<{}>>, <<{<<x, <<[t_expire |-> {NONE}], [guest |-> {NONE}, reviewer |-> {NONE}, manager |-> {NONE}, organizer |-> {NONE}]>>>>}>>>>
/\ StateE = [t_expire |-> {}, guest |-> {}, reviewer |-> {}, manager |-> {}, organizer |-> {}]

@!@!@ENDMSG 2217 @!@!@
@!@!@STARTMSG 2200:0 @!@!@
Progress(3) at 2024-12-04 19:53:10: 189 states generated (5 658 s/min), 189 distinct states found (5 658 ds/min), 90 states left on queue.
@!@!@ENDMSG 2200 @!@!@
@!@!@STARTMSG 2199:0 @!@!@
189 states generated, 189 distinct states found, 90 states left on queue.
@!@!@ENDMSG 2199 @!@!@
@!@!@STARTMSG 2194:0 @!@!@
The depth of the complete state graph search is 3.
@!@!@ENDMSG 2194 @!@!@
@!@!@STARTMSG 2268:0 @!@!@
The average outdegree of the complete state graph is 2 (minimum is 1, the maximum 2 and the 95th percentile is 2).
@!@!@ENDMSG 2268 @!@!@
@!@!@STARTMSG 2186:0 @!@!@
Finished in 2036ms at (2024-12-04 19:53:10)
@!@!@ENDMSG 2186 @!@!@
